#
# There is insufficient memory for the Java Runtime Environment to continue.
# Native memory allocation (malloc) failed to allocate 280176 bytes for Chunk::new
# Possible reasons:
#   The system is out of physical RAM or swap space
#   In 32 bit mode, the process size limit was hit
# Possible solutions:
#   Reduce memory load on the system
#   Increase physical memory or swap space
#   Check if swap backing store is full
#   Use 64 bit Java on a 64 bit OS
#   Decrease Java heap size (-Xmx/-Xms)
#   Decrease number of Java threads
#   Decrease Java thread stack sizes (-Xss)
#   Set larger code cache with -XX:ReservedCodeCacheSize=
# This output file may be truncated or incomplete.
#
#  Out of Memory Error (allocation.cpp:390), pid=11508, tid=0x0000000000002578
#
# JRE version: Java(TM) SE Runtime Environment (8.0_92-b14) (build 1.8.0_92-b14)
# Java VM: Java HotSpot(TM) 64-Bit Server VM (25.92-b14 mixed mode windows-amd64 compressed oops)
# Failed to write core dump. Minidumps are not enabled by default on client versions of Windows
#

---------------  T H R E A D  ---------------

Current thread (0x00000000152f0000):  JavaThread "C2 CompilerThread1" daemon [_thread_in_native, id=9592, stack(0x0000000016a50000,0x0000000016b50000)]

Stack: [0x0000000016a50000,0x0000000016b50000]
[error occurred during error reporting (printing stack bounds), id 0xc0000005]

Native frames: (J=compiled Java code, j=interpreted, Vv=VM code, C=native code)


Current CompileTask:
C2:   5694 1428       4       com.android.dx.cf.code.ValueAwareMachine::run (1142 bytes)


---------------  P R O C E S S  ---------------

Java Threads: ( => current thread )
  0x0000000016b63000 JavaThread "Service Thread" daemon [_thread_blocked, id=7720, stack(0x0000000017050000,0x0000000017150000)]
  0x0000000016b60800 JavaThread "C1 CompilerThread2" daemon [_thread_in_native, id=14640, stack(0x0000000016f50000,0x0000000017050000)]
=>0x00000000152f0000 JavaThread "C2 CompilerThread1" daemon [_thread_in_native, id=9592, stack(0x0000000016a50000,0x0000000016b50000)]
  0x00000000152ed000 JavaThread "C2 CompilerThread0" daemon [_thread_in_native, id=11384, stack(0x0000000016950000,0x0000000016a50000)]
  0x00000000152eb800 JavaThread "Attach Listener" daemon [_thread_blocked, id=7976, stack(0x0000000016850000,0x0000000016950000)]
  0x00000000152ea800 JavaThread "Signal Dispatcher" daemon [_thread_blocked, id=11052, stack(0x0000000016750000,0x0000000016850000)]
  0x00000000152da800 JavaThread "Finalizer" daemon [_thread_blocked, id=9796, stack(0x0000000016560000,0x0000000016660000)]
  0x00000000152b9000 JavaThread "Reference Handler" daemon [_thread_blocked, id=16048, stack(0x0000000016460000,0x0000000016560000)]
  0x0000000000e9d800 JavaThread "main" [_thread_in_Java, id=15624, stack(0x0000000001290000,0x0000000001390000)]

Other Threads:
  0x00000000152b8000 VMThread [stack: 0x0000000016360000,0x0000000016460000] [id=2252]
  0x0000000016b70800 WatcherThread [stack: 0x0000000017150000,0x0000000017250000] [id=3564]

VM state:not at safepoint (normal execution)

VM Mutex/Monitor currently owned by a thread: None

Heap:
 PSYoungGen      total 38400K, used 27502K [0x00000000eab00000, 0x00000000ef600000, 0x0000000100000000)
  eden space 33280K, 67% used [0x00000000eab00000,0x00000000ec0de008,0x00000000ecb80000)
  from space 5120K, 99% used [0x00000000ecb80000,0x00000000ed07db70,0x00000000ed080000)
  to   space 5120K, 0% used [0x00000000ef100000,0x00000000ef100000,0x00000000ef600000)
 ParOldGen       total 87552K, used 1692K [0x00000000c0000000, 0x00000000c5580000, 0x00000000eab00000)
  object space 87552K, 1% used [0x00000000c0000000,0x00000000c01a7278,0x00000000c5580000)
 Metaspace       used 6075K, capacity 7088K, committed 7296K, reserved 1056768K
  class space    used 595K, capacity 616K, committed 640K, reserved 1048576K

Card table byte_map: [0x0000000011fe0000,0x00000000121f0000] byte_map_base: 0x00000000119e0000

Marking Bits: (ParMarkBitMap*) 0x0000000075c464f0
 Begin Bits: [0x0000000012750000, 0x0000000013750000)
 End Bits:   [0x0000000013750000, 0x0000000014750000)

Polling page: 0x0000000000e40000

CodeCache: size=245760Kb used=5839Kb max_used=5863Kb free=239920Kb
 bounds [0x0000000002c20000, 0x00000000031f0000, 0x0000000011c20000]
 total_blobs=1683 nmethods=1420 adapters=176
 compilation: enabled

Compilation events (10 events):
Event: 5.211 Thread 0x00000000152ed000 1403       4       com.android.dx.rop.code.PlainInsn::withNewRegisters (18 bytes)
Event: 5.213 Thread 0x00000000152ed000 nmethod 1403 0x00000000031cb450 code [0x00000000031cb5a0, 0x00000000031cb758]
Event: 5.288 Thread 0x00000000152f0000 nmethod 1394 0x00000000031d9e50 code [0x00000000031da220, 0x00000000031dddf0]
Event: 5.571 Thread 0x00000000152ed000 1427       4       com.android.dx.rop.code.PlainCstInsn::accept (8 bytes)
Event: 5.571 Thread 0x00000000152ed000 nmethod 1427 0x000000000310ea90 code [0x000000000310ebc0, 0x000000000310ec38]
Event: 5.572 Thread 0x00000000152f0000 1428       4       com.android.dx.cf.code.ValueAwareMachine::run (1142 bytes)
Event: 5.588 Thread 0x00000000152ed000 1429   !   4       com.android.dx.cf.code.RopperMachine::run (1550 bytes)
Event: 5.606 Thread 0x0000000016b60800 1432       3       com.android.dx.ssa.Dominators::<init> (55 bytes)
Event: 5.606 Thread 0x0000000016b60800 nmethod 1432 0x00000000031cab10 code [0x00000000031caca0, 0x00000000031cb1f0]
Event: 5.609 Thread 0x0000000016b60800 1435   !   3       com.android.dx.cf.code.Merger::mergeStack (192 bytes)

GC Heap History (2 events):
Event: 3.436 GC heap before
{Heap before GC invocations=1 (full 0):
 PSYoungGen      total 38400K, used 33280K [0x00000000eab00000, 0x00000000ed580000, 0x0000000100000000)
  eden space 33280K, 100% used [0x00000000eab00000,0x00000000ecb80000,0x00000000ecb80000)
  from space 5120K, 0% used [0x00000000ed080000,0x00000000ed080000,0x00000000ed580000)
  to   space 5120K, 0% used [0x00000000ecb80000,0x00000000ecb80000,0x00000000ed080000)
 ParOldGen       total 87552K, used 0K [0x00000000c0000000, 0x00000000c5580000, 0x00000000eab00000)
  object space 87552K, 0% used [0x00000000c0000000,0x00000000c0000000,0x00000000c5580000)
 Metaspace       used 5835K, capacity 6896K, committed 7040K, reserved 1056768K
  class space    used 589K, capacity 616K, committed 640K, reserved 1048576K
Event: 4.229 GC heap after
Heap after GC invocations=1 (full 0):
 PSYoungGen      total 38400K, used 5110K [0x00000000eab00000, 0x00000000ef600000, 0x0000000100000000)
  eden space 33280K, 0% used [0x00000000eab00000,0x00000000eab00000,0x00000000ecb80000)
  from space 5120K, 99% used [0x00000000ecb80000,0x00000000ed07db70,0x00000000ed080000)
  to   space 5120K, 0% used [0x00000000ef100000,0x00000000ef100000,0x00000000ef600000)
 ParOldGen       total 87552K, used 1692K [0x00000000c0000000, 0x00000000c5580000, 0x00000000eab00000)
  object space 87552K, 1% used [0x00000000c0000000,0x00000000c01a7278,0x00000000c5580000)
 Metaspace       used 5835K, capacity 6896K, committed 7040K, reserved 1056768K
  class space    used 589K, capacity 616K, committed 640K, reserved 1048576K
}

Deoptimization events (10 events):
Event: 5.637 Thread 0x0000000000e9d800 Uncommon trap: reason=class_check action=maybe_recompile pc=0x0000000003170918 method=java.util.Arrays.hashCode([Ljava/lang/Object;)I @ 43
Event: 5.638 Thread 0x0000000000e9d800 Uncommon trap: reason=class_check action=maybe_recompile pc=0x0000000003170918 method=java.util.Arrays.hashCode([Ljava/lang/Object;)I @ 43
Event: 5.638 Thread 0x0000000000e9d800 Uncommon trap: reason=class_check action=maybe_recompile pc=0x00000000030e89b8 method=java.util.Arrays.hashCode([Ljava/lang/Object;)I @ 43
Event: 5.640 Thread 0x0000000000e9d800 Uncommon trap: reason=bimorphic action=maybe_recompile pc=0x0000000002fb399c method=java.util.HashMap.getNode(ILjava/lang/Object;)Ljava/util/HashMap$Node; @ 126
Event: 5.644 Thread 0x0000000000e9d800 Uncommon trap: reason=bimorphic action=maybe_recompile pc=0x0000000002fb399c method=java.util.HashMap.getNode(ILjava/lang/Object;)Ljava/util/HashMap$Node; @ 126
Event: 5.644 Thread 0x0000000000e9d800 Uncommon trap: reason=bimorphic action=maybe_recompile pc=0x0000000002fb399c method=java.util.HashMap.getNode(ILjava/lang/Object;)Ljava/util/HashMap$Node; @ 126
Event: 5.644 Thread 0x0000000000e9d800 Uncommon trap: reason=bimorphic action=maybe_recompile pc=0x0000000002fb399c method=java.util.HashMap.getNode(ILjava/lang/Object;)Ljava/util/HashMap$Node; @ 126
Event: 5.645 Thread 0x0000000000e9d800 Uncommon trap: reason=unstable_if action=reinterpret pc=0x00000000030ee4ec method=java.util.HashMap.putVal(ILjava/lang/Object;Ljava/lang/Object;ZZ)Ljava/lang/Object; @ 193
Event: 5.645 Thread 0x0000000000e9d800 Uncommon trap: reason=bimorphic action=maybe_recompile pc=0x00000000030ba80c method=java.util.HashMap.putVal(ILjava/lang/Object;Ljava/lang/Object;ZZ)Ljava/lang/Object; @ 91
Event: 5.645 Thread 0x0000000000e9d800 Uncommon trap: reason=bimorphic action=maybe_recompile pc=0x00000000030ba80c method=java.util.HashMap.putVal(ILjava/lang/Object;Ljava/lang/Object;ZZ)Ljava/lang/Object; @ 91

Internal exceptions (4 events):
Event: 0.050 Thread 0x0000000000e9d800 Exception <a 'java/lang/NoSuchMethodError': Method sun.misc.Unsafe.defineClass(Ljava/lang/String;[BII)Ljava/lang/Class; name or signature does not match> (0x00000000eab07cc0) thrown at [D:\re\workspace\8-2-build-windows-amd64-cygwin\jdk8u92\6642\hotspot\sr¤…>åç©?
Event: 0.051 Thread 0x0000000000e9d800 Exception <a 'java/lang/NoSuchMethodError': Method sun.misc.Unsafe.prefetchRead(Ljava/lang/Object;J)V name or signature does not match> (0x00000000eab07fa8) thrown at [D:\re\workspace\8-2-build-windows-amd64-cygwin\jdk8u92\6642\hotspot\src\share\vm\prims\jŸ¹ßa2@
Event: 4.299 Thread 0x0000000016cfa800 Implicit null exception at 0x000000000307e5a2 to 0x000000000307f751
Event: 4.299 Thread 0x0000000016cfa800 Implicit null exception at 0x000000000306bac5 to 0x000000000306ca31

Events (10 events):
Event: 5.645 Thread 0x0000000000e9d800 DEOPT PACKING pc=0x00000000030ee4ec sp=0x000000000138efa0
Event: 5.645 Thread 0x0000000000e9d800 DEOPT UNPACKING pc=0x0000000002c6582a sp=0x000000000138eed8 mode 2
Event: 5.645 Thread 0x0000000000e9d800 Uncommon trap: trap_request=0xffffffc6 fr.pc=0x00000000030ba80c
Event: 5.645 Thread 0x0000000000e9d800 DEOPT PACKING pc=0x00000000030ba80c sp=0x000000000138ef20
Event: 5.645 Thread 0x0000000000e9d800 DEOPT UNPACKING pc=0x0000000002c6582a sp=0x000000000138eed8 mode 2
Event: 5.645 Thread 0x0000000000e9d800 Uncommon trap: trap_request=0xffffffc6 fr.pc=0x00000000030ba80c
Event: 5.645 Thread 0x0000000000e9d800 DEOPT PACKING pc=0x00000000030ba80c sp=0x000000000138ef20
Event: 5.645 Thread 0x0000000000e9d800 DEOPT UNPACKING pc=0x0000000002c6582a sp=0x000000000138eed8 mode 2
Event: 5.653 loading class com/android/dx/dex/file/CatchStructs
Event: 5.653 loading class com/android/dx/dex/file/CatchStructs done


Dynamic libraries:
0x00007ff640c30000 - 0x00007ff640c67000 	C:\Program Files\Java\jdk1.8.0_92\bin\java.exe
0x00007ffa554e0000 - 0x00007ffa556b1000 	C:\WINDOWS\SYSTEM32\ntdll.dll
0x00007ffa52a70000 - 0x00007ffa52b1b000 	C:\WINDOWS\System32\KERNEL32.DLL
0x00007ffa52170000 - 0x00007ffa5238d000 	C:\WINDOWS\System32\KERNELBASE.dll
0x00007ffa52b20000 - 0x00007ffa52bc2000 	C:\WINDOWS\System32\ADVAPI32.dll
0x00007ffa55440000 - 0x00007ffa554de000 	C:\WINDOWS\System32\msvcrt.dll
0x00007ffa53670000 - 0x00007ffa536c9000 	C:\WINDOWS\System32\sechost.dll
0x00007ffa533e0000 - 0x00007ffa53501000 	C:\WINDOWS\System32\RPCRT4.dll
0x00007ffa552d0000 - 0x00007ffa55435000 	C:\WINDOWS\System32\USER32.dll
0x00007ffa52150000 - 0x00007ffa5216e000 	C:\WINDOWS\System32\win32u.dll
0x00007ffa52da0000 - 0x00007ffa52dd4000 	C:\WINDOWS\System32\GDI32.dll
0x00007ffa52660000 - 0x00007ffa527e2000 	C:\WINDOWS\System32\gdi32full.dll
0x00007ffa44c80000 - 0x00007ffa44efa000 	C:\WINDOWS\WinSxS\amd64_microsoft.windows.common-controls_6595b64144ccf1df_6.0.14393.953_none_42151e83c686086b\COMCTL32.dll
0x00007ffa53110000 - 0x00007ffa533d8000 	C:\WINDOWS\System32\combase.dll
0x00007ffa52970000 - 0x00007ffa52a65000 	C:\WINDOWS\System32\ucrtbase.dll
0x00007ffa527f0000 - 0x00007ffa5285a000 	C:\WINDOWS\System32\bcryptPrimitives.dll
0x00007ffa530e0000 - 0x00007ffa5310e000 	C:\WINDOWS\System32\IMM32.DLL
0x0000000075cd0000 - 0x0000000075da2000 	C:\Program Files\Java\jdk1.8.0_92\jre\bin\msvcr100.dll
0x0000000075430000 - 0x0000000075cc6000 	C:\Program Files\Java\jdk1.8.0_92\jre\bin\server\jvm.dll
0x00007ffa53810000 - 0x00007ffa53818000 	C:\WINDOWS\System32\PSAPI.DLL
0x00007ffa3c850000 - 0x00007ffa3c859000 	C:\WINDOWS\SYSTEM32\WSOCK32.dll
0x00007ffa52e00000 - 0x00007ffa52e6a000 	C:\WINDOWS\System32\WS2_32.dll
0x00007ffa4fa90000 - 0x00007ffa4fab3000 	C:\WINDOWS\SYSTEM32\WINMM.dll
0x00007ffa40500000 - 0x00007ffa4050a000 	C:\WINDOWS\SYSTEM32\VERSION.dll
0x00007ffa4f780000 - 0x00007ffa4f7ab000 	C:\WINDOWS\SYSTEM32\WINMMBASE.dll
0x00007ffa52390000 - 0x00007ffa523d2000 	C:\WINDOWS\System32\cfgmgr32.dll
0x0000000077160000 - 0x000000007716f000 	C:\Program Files\Java\jdk1.8.0_92\jre\bin\verify.dll
0x0000000075400000 - 0x0000000075429000 	C:\Program Files\Java\jdk1.8.0_92\jre\bin\java.dll
0x00000000753e0000 - 0x00000000753f6000 	C:\Program Files\Java\jdk1.8.0_92\jre\bin\zip.dll
0x00007ffa53d20000 - 0x00007ffa55228000 	C:\WINDOWS\System32\SHELL32.dll
0x00007ffa519d0000 - 0x00007ffa520aa000 	C:\WINDOWS\System32\windows.storage.dll
0x00007ffa51970000 - 0x00007ffa519bc000 	C:\WINDOWS\System32\powrprof.dll
0x00007ffa52e70000 - 0x00007ffa52ec2000 	C:\WINDOWS\System32\shlwapi.dll
0x00007ffa51940000 - 0x00007ffa5194f000 	C:\WINDOWS\System32\kernel.appcore.dll
0x00007ffa523e0000 - 0x00007ffa52489000 	C:\WINDOWS\System32\shcore.dll
0x00007ffa51950000 - 0x00007ffa51964000 	C:\WINDOWS\System32\profapi.dll

VM Arguments:
jvm_args: -Djava.awt.headless=true -Xmx1024M -Dfile.encoding=windows-1251 -Duser.country=RU -Duser.language=ru -Duser.variant 
java_command: com.android.dx.command.Main --dex --num-threads=4 --output C:\Users\PC\AndroidStudioProjects\master\AndroidStudioProjects\MyLauncher\app\build\intermediates\pre-dexed\debug\classes_9cc91a3d6c06cc5db4ed35a9d71bbe91d63f74c7.jar C:\Users\PC\.android\build-cache\65a023e8a74f674711d365f19b6789a685ce7b1f\output\jars\classes.jar
java_class_path (initial): C:\Users\PC\AppData\Local\Android\Sdk\build-tools\25.0.2\lib\dx.jar
Launcher Type: SUN_STANDARD

Environment Variables:
JAVA_HOME=C:\Program Files\Java\jdk1.8.0_92
CLASSPATH=C:\Users\PC\AndroidStudioProjects\master\AndroidStudioProjects\MyLauncher\\gradle\wrapper\gradle-wrapper.jar
PATH=C:\ProgramData\Oracle\Java\javapath;C:\Program Files\Broadcom\Broadcom 802.11 Network Adapter;c:\Program Files (x86)\Intel\iCLS Client\;c:\Program Files\Intel\iCLS Client\;C:\WINDOWS\system32;C:\WINDOWS;C:\WINDOWS\System32\Wbem;C:\WINDOWS\System32\WindowsPowerShell\v1.0\;C:\Program Files\Intel\Intel(R) Management Engine Components\DAL;C:\Program Files\Intel\Intel(R) Management Engine Components\IPT;C:\Program Files (x86)\Intel\Intel(R) Management Engine Components\DAL;C:\Program Files (x86)\Intel\Intel(R) Management Engine Components\IPT;c:\Program Files\WIDCOMM\Bluetooth Software\;c:\Program Files\WIDCOMM\Bluetooth Software\syswow64;C:\Program Files\Sony\VAIO Improvement;c:\Program Files (x86)\Sony\VAIO BIOS Data Transfer Utility\;C:\Program Files (x86)\Sony\VAIO Startup Setting Tool;C:\Program Files (x86)\Common Files\Acronis\SnapAPI\;C:\Program Files (x86)\Microsoft SQL Server\100\Tools\Binn\;C:\Program Files\Microsoft SQL Server\100\Tools\Binn\;C:\Program Files\Microsoft SQL Server\100\DTS\Binn\;C:\Progr;C:\Program Files\Git\cmd;C:\Program Files (x86)\Skype\Phone\;C:\Program Files\Java\jdk1.8.0_92\bin;C:\Users\PC\AppData\Local\Microsoft\WindowsApps;C:\Program Files\Java\jdk1.8.0_92\lib;
USERNAME=PC
OS=Windows_NT
PROCESSOR_IDENTIFIER=Intel64 Family 6 Model 69 Stepping 1, GenuineIntel



---------------  S Y S T E M  ---------------

OS: Windows 10.0 , 64 bit Build 14393 (10.0.14393.0)

CPU:total 4 (2 cores per cpu, 2 threads per core) family 6 model 69 stepping 1, cmov, cx8, fxsr, mmx, sse, sse2, sse3, ssse3, sse4.1, sse4.2, popcnt, avx, avx2, aes, clmul, erms, lzcnt, ht, tsc, tscinvbit, bmi1, bmi2

Memory: 4k page, physical 8281908k(1054900k free), swap 13401908k(1548k free)

vm_info: Java HotSpot(TM) 64-Bit Server VM (25.92-b14) for windows-amd64 JRE (1.8.0_92-b14), built on Mar 31 2016 21:03:04 by "java_re" with MS VC++ 10.0 (VS2010)

time: Fri Apr 28 01:07:42 2017
elapsed time: 5 seconds (0d 0h 0m 5s)

