#
# There is insufficient memory for the Java Runtime Environment to continue.
# Native memory allocation (malloc) failed to allocate 32744 bytes for ChunkPool::allocate
# Possible reasons:
#   The system is out of physical RAM or swap space
#   In 32 bit mode, the process size limit was hit
# Possible solutions:
#   Reduce memory load on the system
#   Increase physical memory or swap space
#   Check if swap backing store is full
#   Use 64 bit Java on a 64 bit OS
#   Decrease Java heap size (-Xmx/-Xms)
#   Decrease number of Java threads
#   Decrease Java thread stack sizes (-Xss)
#   Set larger code cache with -XX:ReservedCodeCacheSize=
# This output file may be truncated or incomplete.
#
#  Out of Memory Error (allocation.cpp:273), pid=8860, tid=0x000000000000338c
#
# JRE version: Java(TM) SE Runtime Environment (8.0_92-b14) (build 1.8.0_92-b14)
# Java VM: Java HotSpot(TM) 64-Bit Server VM (25.92-b14 mixed mode windows-amd64 compressed oops)
# Failed to write core dump. Minidumps are not enabled by default on client versions of Windows
#

---------------  T H R E A D  ---------------

Current thread (0x0000000014e7c000):  JavaThread "C2 CompilerThread1" daemon [_thread_in_native, id=13196, stack(0x00000000165d0000,0x00000000166d0000)]

Stack: [0x00000000165d0000,0x00000000166d0000]
[error occurred during error reporting (printing stack bounds), id 0xc0000005]

Native frames: (J=compiled Java code, j=interpreted, Vv=VM code, C=native code)


Current CompileTask:
C2:   7336 1538   !   4       com.android.dx.cf.cst.ConstantPoolParser::parse0 (731 bytes)


---------------  P R O C E S S  ---------------

Java Threads: ( => current thread )
  0x000000001693e000 JavaThread "pool-1-thread-4" [_thread_in_Java, id=13220, stack(0x00000000171d0000,0x00000000172d0000)]
  0x000000001693d000 JavaThread "pool-1-thread-3" [_thread_blocked, id=11768, stack(0x00000000170d0000,0x00000000171d0000)]
  0x0000000016930800 JavaThread "pool-1-thread-2" [_thread_in_vm, id=7216, stack(0x0000000016fd0000,0x00000000170d0000)]
  0x0000000016926000 JavaThread "pool-2-thread-1" [_thread_blocked, id=4356, stack(0x0000000016ed0000,0x0000000016fd0000)]
  0x000000001691e800 JavaThread "pool-1-thread-1" [_thread_in_Java, id=10704, stack(0x0000000016dd0000,0x0000000016ed0000)]
  0x00000000166d7000 JavaThread "Service Thread" daemon [_thread_blocked, id=10188, stack(0x0000000016bd0000,0x0000000016cd0000)]
  0x00000000166d2000 JavaThread "C1 CompilerThread2" daemon [_thread_blocked, id=9548, stack(0x0000000016ad0000,0x0000000016bd0000)]
=>0x0000000014e7c000 JavaThread "C2 CompilerThread1" daemon [_thread_in_native, id=13196, stack(0x00000000165d0000,0x00000000166d0000)]
  0x0000000014e8d000 JavaThread "C2 CompilerThread0" daemon [_thread_blocked, id=15448, stack(0x00000000164d0000,0x00000000165d0000)]
  0x0000000014e8b000 JavaThread "Attach Listener" daemon [_thread_blocked, id=15224, stack(0x00000000163d0000,0x00000000164d0000)]
  0x0000000014e8a000 JavaThread "Signal Dispatcher" daemon [_thread_blocked, id=14524, stack(0x00000000162d0000,0x00000000163d0000)]
  0x00000000027a5800 JavaThread "Finalizer" daemon [_thread_blocked, id=528, stack(0x00000000160e0000,0x00000000161e0000)]
  0x00000000027a0000 JavaThread "Reference Handler" daemon [_thread_blocked, id=6140, stack(0x0000000015fe0000,0x00000000160e0000)]
  0x00000000026ad800 JavaThread "main" [_thread_in_Java, id=13512, stack(0x00000000025a0000,0x00000000026a0000)]

Other Threads:
  0x0000000014e48000 VMThread [stack: 0x0000000015ee0000,0x0000000015fe0000] [id=13580]
  0x00000000166ec800 WatcherThread [stack: 0x0000000016cd0000,0x0000000016dd0000] [id=1220]

VM state:synchronizing (normal execution)

VM Mutex/Monitor currently owned by a thread:  ([mutex/lock_event])
[0x00000000026acef0] Safepoint_lock - owner thread: 0x0000000014e48000
[0x00000000026accf0] Threads_lock - owner thread: 0x0000000014e48000

Heap:
 PSYoungGen      total 71680K, used 37063K [0x00000000eab00000, 0x00000000ef600000, 0x0000000100000000)
  eden space 66560K, 48% used [0x00000000eab00000,0x00000000eca36f00,0x00000000eec00000)
  from space 5120K, 99% used [0x00000000ef100000,0x00000000ef5faf80,0x00000000ef600000)
  to   space 5120K, 0% used [0x00000000eec00000,0x00000000eec00000,0x00000000ef100000)
 ParOldGen       total 87552K, used 5877K [0x00000000c0000000, 0x00000000c5580000, 0x00000000eab00000)
  object space 87552K, 6% used [0x00000000c0000000,0x00000000c05bd610,0x00000000c5580000)
 Metaspace       used 6087K, capacity 7088K, committed 7296K, reserved 1056768K
  class space    used 591K, capacity 616K, committed 640K, reserved 1048576K

Card table byte_map: [0x0000000011b70000,0x0000000011d80000] byte_map_base: 0x0000000011570000

Marking Bits: (ParMarkBitMap*) 0x0000000075c464f0
 Begin Bits: [0x00000000122e0000, 0x00000000132e0000)
 End Bits:   [0x00000000132e0000, 0x00000000142e0000)

Polling page: 0x00000000005f0000

CodeCache: size=245760Kb used=6842Kb max_used=6842Kb free=238917Kb
 bounds [0x00000000027b0000, 0x0000000002e70000, 0x00000000117b0000]
 total_blobs=1841 nmethods=1578 adapters=176
 compilation: enabled

Compilation events (10 events):
Event: 6.914 Thread 0x00000000166d2000 1607       2       com.android.dx.rop.code.Insn::contentEquals (84 bytes)
Event: 6.914 Thread 0x00000000166d2000 nmethod 1607 0x0000000002e62390 code [0x0000000002e62540, 0x0000000002e628b8]
Event: 6.914 Thread 0x00000000166d2000 1608       2       com.android.dx.rop.code.Rops::opReturn (89 bytes)
Event: 6.915 Thread 0x00000000166d2000 nmethod 1608 0x0000000002e62ad0 code [0x0000000002e62ca0, 0x0000000002e63198]
Event: 6.915 Thread 0x00000000166d2000 1609       2       com.android.dx.ssa.PhiInsn::mapSourceRegisters (78 bytes)
Event: 6.916 Thread 0x00000000166d2000 nmethod 1609 0x0000000002e63490 code [0x0000000002e63620, 0x0000000002e639e8]
Event: 6.921 Thread 0x00000000166d2000 1610       2       com.android.dx.cf.code.LocalVariableList::get (9 bytes)
Event: 6.921 Thread 0x00000000166d2000 nmethod 1610 0x0000000002e63c90 code [0x0000000002e63e00, 0x0000000002e63fa8]
Event: 6.921 Thread 0x00000000166d2000 1611       2       com.android.dx.cf.code.LocalVariableList::set (21 bytes)
Event: 6.922 Thread 0x00000000166d2000 nmethod 1611 0x0000000002e64050 code [0x0000000002e64200, 0x0000000002e64718]

GC Heap History (4 events):
Event: 3.583 GC heap before
{Heap before GC invocations=1 (full 0):
 PSYoungGen      total 38400K, used 33280K [0x00000000eab00000, 0x00000000ed580000, 0x0000000100000000)
  eden space 33280K, 100% used [0x00000000eab00000,0x00000000ecb80000,0x00000000ecb80000)
  from space 5120K, 0% used [0x00000000ed080000,0x00000000ed080000,0x00000000ed580000)
  to   space 5120K, 0% used [0x00000000ecb80000,0x00000000ecb80000,0x00000000ed080000)
 ParOldGen       total 87552K, used 0K [0x00000000c0000000, 0x00000000c5580000, 0x00000000eab00000)
  object space 87552K, 0% used [0x00000000c0000000,0x00000000c0000000,0x00000000c5580000)
 Metaspace       used 5856K, capacity 6896K, committed 7040K, reserved 1056768K
  class space    used 588K, capacity 616K, committed 640K, reserved 1048576K
Event: 3.985 GC heap after
Heap after GC invocations=1 (full 0):
 PSYoungGen      total 38400K, used 5101K [0x00000000eab00000, 0x00000000ef600000, 0x0000000100000000)
  eden space 33280K, 0% used [0x00000000eab00000,0x00000000eab00000,0x00000000ecb80000)
  from space 5120K, 99% used [0x00000000ecb80000,0x00000000ed07b538,0x00000000ed080000)
  to   space 5120K, 0% used [0x00000000ef100000,0x00000000ef100000,0x00000000ef600000)
 ParOldGen       total 87552K, used 1139K [0x00000000c0000000, 0x00000000c5580000, 0x00000000eab00000)
  object space 87552K, 1% used [0x00000000c0000000,0x00000000c011ce20,0x00000000c5580000)
 Metaspace       used 5856K, capacity 6896K, committed 7040K, reserved 1056768K
  class space    used 588K, capacity 616K, committed 640K, reserved 1048576K
}
Event: 5.622 GC heap before
{Heap before GC invocations=2 (full 0):
 PSYoungGen      total 38400K, used 38381K [0x00000000eab00000, 0x00000000ef600000, 0x0000000100000000)
  eden space 33280K, 100% used [0x00000000eab00000,0x00000000ecb80000,0x00000000ecb80000)
  from space 5120K, 99% used [0x00000000ecb80000,0x00000000ed07b538,0x00000000ed080000)
  to   space 5120K, 0% used [0x00000000ef100000,0x00000000ef100000,0x00000000ef600000)
 ParOldGen       total 87552K, used 1139K [0x00000000c0000000, 0x00000000c5580000, 0x00000000eab00000)
  object space 87552K, 1% used [0x00000000c0000000,0x00000000c011ce20,0x00000000c5580000)
 Metaspace       used 6032K, capacity 7024K, committed 7296K, reserved 1056768K
  class space    used 589K, capacity 616K, committed 640K, reserved 1048576K
Event: 6.112 GC heap after
Heap after GC invocations=2 (full 0):
 PSYoungGen      total 71680K, used 5099K [0x00000000eab00000, 0x00000000ef600000, 0x0000000100000000)
  eden space 66560K, 0% used [0x00000000eab00000,0x00000000eab00000,0x00000000eec00000)
  from space 5120K, 99% used [0x00000000ef100000,0x00000000ef5faf80,0x00000000ef600000)
  to   space 5120K, 0% used [0x00000000eec00000,0x00000000eec00000,0x00000000ef100000)
 ParOldGen       total 87552K, used 5877K [0x00000000c0000000, 0x00000000c5580000, 0x00000000eab00000)
  object space 87552K, 6% used [0x00000000c0000000,0x00000000c05bd610,0x00000000c5580000)
 Metaspace       used 6032K, capacity 7024K, committed 7296K, reserved 1056768K
  class space    used 589K, capacity 616K, committed 640K, reserved 1048576K
}

Deoptimization events (10 events):
Event: 5.527 Thread 0x000000001691e800 Uncommon trap: reason=null_check action=make_not_entrant pc=0x0000000002d58bc8 method=com.android.dx.ssa.SsaRenamer.getLocalForNewReg(I)Lcom/android/dx/rop/code/LocalItem; @ 19
Event: 5.575 Thread 0x000000001693e000 Uncommon trap: reason=unstable_if action=reinterpret pc=0x0000000002b090ec method=com.android.dx.rop.code.RegisterSpecSet.put(Lcom/android/dx/rop/code/RegisterSpec;)V @ 77
Event: 5.575 Thread 0x000000001693e000 Uncommon trap: reason=unstable_if action=reinterpret pc=0x0000000002b30b2c method=com.android.dx.rop.code.RegisterSpecSet.put(Lcom/android/dx/rop/code/RegisterSpec;)V @ 77
Event: 6.150 Thread 0x000000001691e800 Uncommon trap: reason=bimorphic action=maybe_recompile pc=0x0000000002bedafc method=java.util.HashMap.putVal(ILjava/lang/Object;Ljava/lang/Object;ZZ)Ljava/lang/Object; @ 91
Event: 6.161 Thread 0x0000000016930800 Uncommon trap: reason=unstable_if action=reinterpret pc=0x0000000002c58720 method=com.android.dx.util.LabeledList.set(ILcom/android/dx/util/LabeledItem;)V @ 16
Event: 6.450 Thread 0x0000000016930800 Uncommon trap: reason=unstable_if action=reinterpret pc=0x0000000002dcd75c method=com.android.dx.rop.code.BasicBlock.hasExceptionHandlers()Z @ 17
Event: 6.794 Thread 0x00000000026ad800 Uncommon trap: reason=unstable_if action=reinterpret pc=0x0000000002ddab80 method=com.android.dx.cf.code.ByteCatchList.listFor(I)Lcom/android/dx/cf/code/ByteCatchList; @ 19
Event: 6.798 Thread 0x00000000026ad800 Uncommon trap: reason=bimorphic action=maybe_recompile pc=0x0000000002d509ec method=com.android.dx.ssa.LiteralOpUpgrader.tryReplacingWithConstant(Lcom/android/dx/ssa/NormalSsaInsn;)Z @ 52
Event: 6.798 Thread 0x00000000026ad800 Uncommon trap: reason=bimorphic action=maybe_recompile pc=0x0000000002d509ec method=com.android.dx.ssa.LiteralOpUpgrader.tryReplacingWithConstant(Lcom/android/dx/ssa/NormalSsaInsn;)Z @ 52
Event: 6.914 Thread 0x000000001691e800 Uncommon trap: reason=bimorphic action=maybe_recompile pc=0x0000000002d509ec method=com.android.dx.ssa.LiteralOpUpgrader.tryReplacingWithConstant(Lcom/android/dx/ssa/NormalSsaInsn;)Z @ 52

Internal exceptions (3 events):
Event: 0.060 Thread 0x00000000026ad800 Exception <a 'java/lang/NoSuchMethodError': Method sun.misc.Unsafe.defineClass(Ljava/lang/String;[BII)Ljava/lang/Class; name or signature does not match> (0x00000000eab07cc0) thrown at [D:\re\workspace\8-2-build-windows-amd64-cygwin\jdk8u92\6642\hotspot\srÏÓ kþö®?
Event: 0.060 Thread 0x00000000026ad800 Exception <a 'java/lang/NoSuchMethodError': Method sun.misc.Unsafe.prefetchRead(Ljava/lang/Object;J)V name or signature does not match> (0x00000000eab07fa8) thrown at [D:\re\workspace\8-2-build-windows-amd64-cygwin\jdk8u92\6642\hotspot\src\share\vm\prims\j°ÆO9Ü@
Event: 5.527 Thread 0x000000001691e800 Implicit null exception at 0x0000000002d571b5 to 0x0000000002d58b85

Events (10 events):
Event: 6.798 Thread 0x00000000026ad800 DEOPT PACKING pc=0x0000000002d509ec sp=0x000000000269e610
Event: 6.798 Thread 0x00000000026ad800 DEOPT UNPACKING pc=0x00000000027f582a sp=0x000000000269e5b0 mode 2
Event: 6.798 Thread 0x00000000026ad800 Uncommon trap: trap_request=0xffffffc6 fr.pc=0x0000000002d509ec
Event: 6.798 Thread 0x00000000026ad800 DEOPT PACKING pc=0x0000000002d509ec sp=0x000000000269e610
Event: 6.798 Thread 0x00000000026ad800 DEOPT UNPACKING pc=0x00000000027f582a sp=0x000000000269e5b0 mode 2
Event: 6.914 Thread 0x000000001691e800 Uncommon trap: trap_request=0xffffffc6 fr.pc=0x0000000002d509ec
Event: 6.914 Thread 0x000000001691e800 DEOPT PACKING pc=0x0000000002d509ec sp=0x0000000016ece780
Event: 6.914 Thread 0x000000001691e800 DEOPT UNPACKING pc=0x00000000027f582a sp=0x0000000016ece720 mode 2
Event: 6.918 Thread 0x000000001691e800 DEOPT PACKING pc=0x0000000002dc7cab sp=0x0000000016ece960
Event: 6.918 Thread 0x000000001691e800 DEOPT UNPACKING pc=0x00000000027f787f sp=0x0000000016ece6b8 mode 0


Dynamic libraries:
0x00007ff640c30000 - 0x00007ff640c67000 	C:\Program Files\Java\jdk1.8.0_92\bin\java.exe
0x00007ffa554e0000 - 0x00007ffa556b1000 	C:\WINDOWS\SYSTEM32\ntdll.dll
0x00007ffa52a70000 - 0x00007ffa52b1b000 	C:\WINDOWS\System32\KERNEL32.DLL
0x00007ffa52170000 - 0x00007ffa5238d000 	C:\WINDOWS\System32\KERNELBASE.dll
0x00007ffa52b20000 - 0x00007ffa52bc2000 	C:\WINDOWS\System32\ADVAPI32.dll
0x00007ffa55440000 - 0x00007ffa554de000 	C:\WINDOWS\System32\msvcrt.dll
0x00007ffa53670000 - 0x00007ffa536c9000 	C:\WINDOWS\System32\sechost.dll
0x00007ffa533e0000 - 0x00007ffa53501000 	C:\WINDOWS\System32\RPCRT4.dll
0x00007ffa552d0000 - 0x00007ffa55435000 	C:\WINDOWS\System32\USER32.dll
0x00007ffa52150000 - 0x00007ffa5216e000 	C:\WINDOWS\System32\win32u.dll
0x00007ffa52da0000 - 0x00007ffa52dd4000 	C:\WINDOWS\System32\GDI32.dll
0x00007ffa52660000 - 0x00007ffa527e2000 	C:\WINDOWS\System32\gdi32full.dll
0x00007ffa44c80000 - 0x00007ffa44efa000 	C:\WINDOWS\WinSxS\amd64_microsoft.windows.common-controls_6595b64144ccf1df_6.0.14393.953_none_42151e83c686086b\COMCTL32.dll
0x00007ffa53110000 - 0x00007ffa533d8000 	C:\WINDOWS\System32\combase.dll
0x00007ffa52970000 - 0x00007ffa52a65000 	C:\WINDOWS\System32\ucrtbase.dll
0x00007ffa527f0000 - 0x00007ffa5285a000 	C:\WINDOWS\System32\bcryptPrimitives.dll
0x00007ffa530e0000 - 0x00007ffa5310e000 	C:\WINDOWS\System32\IMM32.DLL
0x0000000075cd0000 - 0x0000000075da2000 	C:\Program Files\Java\jdk1.8.0_92\jre\bin\msvcr100.dll
0x0000000075430000 - 0x0000000075cc6000 	C:\Program Files\Java\jdk1.8.0_92\jre\bin\server\jvm.dll
0x00007ffa53810000 - 0x00007ffa53818000 	C:\WINDOWS\System32\PSAPI.DLL
0x00007ffa3c850000 - 0x00007ffa3c859000 	C:\WINDOWS\SYSTEM32\WSOCK32.dll
0x00007ffa52e00000 - 0x00007ffa52e6a000 	C:\WINDOWS\System32\WS2_32.dll
0x00007ffa4fa90000 - 0x00007ffa4fab3000 	C:\WINDOWS\SYSTEM32\WINMM.dll
0x00007ffa40500000 - 0x00007ffa4050a000 	C:\WINDOWS\SYSTEM32\VERSION.dll
0x00007ffa4f780000 - 0x00007ffa4f7ab000 	C:\WINDOWS\SYSTEM32\WINMMBASE.dll
0x00007ffa52390000 - 0x00007ffa523d2000 	C:\WINDOWS\System32\cfgmgr32.dll
0x0000000077160000 - 0x000000007716f000 	C:\Program Files\Java\jdk1.8.0_92\jre\bin\verify.dll
0x0000000075400000 - 0x0000000075429000 	C:\Program Files\Java\jdk1.8.0_92\jre\bin\java.dll
0x00000000753e0000 - 0x00000000753f6000 	C:\Program Files\Java\jdk1.8.0_92\jre\bin\zip.dll
0x00007ffa53d20000 - 0x00007ffa55228000 	C:\WINDOWS\System32\SHELL32.dll
0x00007ffa519d0000 - 0x00007ffa520aa000 	C:\WINDOWS\System32\windows.storage.dll
0x00007ffa51970000 - 0x00007ffa519bc000 	C:\WINDOWS\System32\powrprof.dll
0x00007ffa52e70000 - 0x00007ffa52ec2000 	C:\WINDOWS\System32\shlwapi.dll
0x00007ffa51940000 - 0x00007ffa5194f000 	C:\WINDOWS\System32\kernel.appcore.dll
0x00007ffa523e0000 - 0x00007ffa52489000 	C:\WINDOWS\System32\shcore.dll
0x00007ffa51950000 - 0x00007ffa51964000 	C:\WINDOWS\System32\profapi.dll

VM Arguments:
jvm_args: -Djava.awt.headless=true -Xmx1024M -Dfile.encoding=windows-1251 -Duser.country=RU -Duser.language=ru -Duser.variant 
java_command: com.android.dx.command.Main --dex --num-threads=4 --output C:\Users\PC\AndroidStudioProjects\master\AndroidStudioProjects\MyLauncher\app\build\intermediates\pre-dexed\debug\classes_95221c4df736b02dcca67a5f33d9cc44b34fb3ac.jar C:\Users\PC\.android\build-cache\26a7120bb11ed610d0e2920390f7817a0b1c9a89\output\jars\classes.jar
java_class_path (initial): C:\Users\PC\AppData\Local\Android\Sdk\build-tools\25.0.2\lib\dx.jar
Launcher Type: SUN_STANDARD

Environment Variables:
JAVA_HOME=C:\Program Files\Java\jdk1.8.0_92
CLASSPATH=C:\Users\PC\AndroidStudioProjects\master\AndroidStudioProjects\MyLauncher\\gradle\wrapper\gradle-wrapper.jar
PATH=C:\ProgramData\Oracle\Java\javapath;C:\Program Files\Broadcom\Broadcom 802.11 Network Adapter;c:\Program Files (x86)\Intel\iCLS Client\;c:\Program Files\Intel\iCLS Client\;C:\WINDOWS\system32;C:\WINDOWS;C:\WINDOWS\System32\Wbem;C:\WINDOWS\System32\WindowsPowerShell\v1.0\;C:\Program Files\Intel\Intel(R) Management Engine Components\DAL;C:\Program Files\Intel\Intel(R) Management Engine Components\IPT;C:\Program Files (x86)\Intel\Intel(R) Management Engine Components\DAL;C:\Program Files (x86)\Intel\Intel(R) Management Engine Components\IPT;c:\Program Files\WIDCOMM\Bluetooth Software\;c:\Program Files\WIDCOMM\Bluetooth Software\syswow64;C:\Program Files\Sony\VAIO Improvement;c:\Program Files (x86)\Sony\VAIO BIOS Data Transfer Utility\;C:\Program Files (x86)\Sony\VAIO Startup Setting Tool;C:\Program Files (x86)\Common Files\Acronis\SnapAPI\;C:\Program Files (x86)\Microsoft SQL Server\100\Tools\Binn\;C:\Program Files\Microsoft SQL Server\100\Tools\Binn\;C:\Program Files\Microsoft SQL Server\100\DTS\Binn\;C:\Progr;C:\Program Files\Git\cmd;C:\Program Files (x86)\Skype\Phone\;C:\Program Files\Java\jdk1.8.0_92\bin;C:\Users\PC\AppData\Local\Microsoft\WindowsApps;C:\Program Files\Java\jdk1.8.0_92\lib;
USERNAME=PC
OS=Windows_NT
PROCESSOR_IDENTIFIER=Intel64 Family 6 Model 69 Stepping 1, GenuineIntel



---------------  S Y S T E M  ---------------

OS: Windows 10.0 , 64 bit Build 14393 (10.0.14393.0)

CPU:total 4 (2 cores per cpu, 2 threads per core) family 6 model 69 stepping 1, cmov, cx8, fxsr, mmx, sse, sse2, sse3, ssse3, sse4.1, sse4.2, popcnt, avx, avx2, aes, clmul, erms, lzcnt, ht, tsc, tscinvbit, bmi1, bmi2

Memory: 4k page, physical 8281908k(991392k free), swap 13401908k(3408k free)

vm_info: Java HotSpot(TM) 64-Bit Server VM (25.92-b14) for windows-amd64 JRE (1.8.0_92-b14), built on Mar 31 2016 21:03:04 by "java_re" with MS VC++ 10.0 (VS2010)

time: Fri Apr 28 01:07:52 2017
elapsed time: 7 seconds (0d 0h 0m 7s)

