#
# There is insufficient memory for the Java Runtime Environment to continue.
# Native memory allocation (malloc) failed to allocate 198896 bytes for Chunk::new
# Possible reasons:
#   The system is out of physical RAM or swap space
#   In 32 bit mode, the process size limit was hit
# Possible solutions:
#   Reduce memory load on the system
#   Increase physical memory or swap space
#   Check if swap backing store is full
#   Use 64 bit Java on a 64 bit OS
#   Decrease Java heap size (-Xmx/-Xms)
#   Decrease number of Java threads
#   Decrease Java thread stack sizes (-Xss)
#   Set larger code cache with -XX:ReservedCodeCacheSize=
# This output file may be truncated or incomplete.
#
#  Out of Memory Error (allocation.cpp:390), pid=9504, tid=0x0000000000003ca0
#
# JRE version: Java(TM) SE Runtime Environment (8.0_92-b14) (build 1.8.0_92-b14)
# Java VM: Java HotSpot(TM) 64-Bit Server VM (25.92-b14 mixed mode windows-amd64 compressed oops)
# Failed to write core dump. Minidumps are not enabled by default on client versions of Windows
#

---------------  T H R E A D  ---------------

Current thread (0x0000000014f0b800):  JavaThread "C2 CompilerThread0" daemon [_thread_in_native, id=15520, stack(0x0000000016560000,0x0000000016660000)]

Stack: [0x0000000016560000,0x0000000016660000]
[error occurred during error reporting (printing stack bounds), id 0xc0000005]

Native frames: (J=compiled Java code, j=interpreted, Vv=VM code, C=native code)


Current CompileTask:
C2:   5656 1330       4       com.android.dx.ssa.back.LivenessAnalyzer::run (231 bytes)


---------------  P R O C E S S  ---------------

Java Threads: ( => current thread )
  0x0000000016b11000 JavaThread "pool-1-thread-4" [_thread_blocked, id=7568, stack(0x0000000017260000,0x0000000017360000)]
  0x0000000016b0f800 JavaThread "pool-1-thread-3" [_thread_in_Java, id=12104, stack(0x0000000017160000,0x0000000017260000)]
  0x0000000016b0b800 JavaThread "pool-1-thread-2" [_thread_in_vm, id=11556, stack(0x0000000017060000,0x0000000017160000)]
  0x0000000016b01800 JavaThread "pool-2-thread-1" [_thread_blocked, id=7728, stack(0x0000000016f60000,0x0000000017060000)]
  0x0000000016b01000 JavaThread "pool-1-thread-1" [_thread_in_Java, id=1168, stack(0x0000000016e60000,0x0000000016f60000)]
  0x0000000014f14000 JavaThread "Service Thread" daemon [_thread_blocked, id=12568, stack(0x0000000016c60000,0x0000000016d60000)]
  0x0000000014f6d800 JavaThread "C1 CompilerThread2" daemon [_thread_blocked, id=8092, stack(0x0000000016760000,0x0000000016860000)]
  0x0000000014f0e800 JavaThread "C2 CompilerThread1" daemon [_thread_in_native, id=6980, stack(0x0000000016660000,0x0000000016760000)]
=>0x0000000014f0b800 JavaThread "C2 CompilerThread0" daemon [_thread_in_native, id=15520, stack(0x0000000016560000,0x0000000016660000)]
  0x0000000014f09800 JavaThread "Attach Listener" daemon [_thread_blocked, id=15528, stack(0x0000000016460000,0x0000000016560000)]
  0x0000000014f08800 JavaThread "Signal Dispatcher" daemon [_thread_blocked, id=2428, stack(0x0000000016360000,0x0000000016460000)]
  0x0000000002835800 JavaThread "Finalizer" daemon [_thread_blocked, id=17088, stack(0x0000000016160000,0x0000000016260000)]
  0x0000000002830000 JavaThread "Reference Handler" daemon [_thread_blocked, id=16532, stack(0x0000000016060000,0x0000000016160000)]
  0x0000000000e4d800 JavaThread "main" [_thread_blocked, id=3292, stack(0x00000000025e0000,0x00000000026e0000)]

Other Threads:
  0x0000000014ed8000 VMThread [stack: 0x0000000015f60000,0x0000000016060000] [id=10644]
  0x000000001687e000 WatcherThread [stack: 0x0000000016d60000,0x0000000016e60000] [id=13260]

VM state:not at safepoint (normal execution)

VM Mutex/Monitor currently owned by a thread: None

Heap:
 PSYoungGen      total 38400K, used 35178K [0x00000000eab00000, 0x00000000ef600000, 0x0000000100000000)
  eden space 33280K, 90% used [0x00000000eab00000,0x00000000ec85d4e8,0x00000000ecb80000)
  from space 5120K, 99% used [0x00000000ecb80000,0x00000000ed07d650,0x00000000ed080000)
  to   space 5120K, 0% used [0x00000000ef100000,0x00000000ef100000,0x00000000ef600000)
 ParOldGen       total 87552K, used 891K [0x00000000c0000000, 0x00000000c5580000, 0x00000000eab00000)
  object space 87552K, 1% used [0x00000000c0000000,0x00000000c00def40,0x00000000c5580000)
 Metaspace       used 6020K, capacity 7024K, committed 7296K, reserved 1056768K
  class space    used 591K, capacity 616K, committed 640K, reserved 1048576K

Card table byte_map: [0x0000000011c00000,0x0000000011e10000] byte_map_base: 0x0000000011600000

Marking Bits: (ParMarkBitMap*) 0x0000000075c464f0
 Begin Bits: [0x0000000012370000, 0x0000000013370000)
 End Bits:   [0x0000000013370000, 0x0000000014370000)

Polling page: 0x00000000026e0000

CodeCache: size=245760Kb used=5683Kb max_used=5683Kb free=240076Kb
 bounds [0x0000000002840000, 0x0000000002de0000, 0x0000000011840000]
 total_blobs=1721 nmethods=1458 adapters=176
 compilation: enabled

Compilation events (10 events):
Event: 5.631 Thread 0x0000000014f6d800 1470       2       com.android.dx.dex.file.EncodedField::<init> (25 bytes)
Event: 5.631 Thread 0x0000000014f6d800 nmethod 1470 0x0000000002dc7790 code [0x0000000002dc7900, 0x0000000002dc7b28]
Event: 5.631 Thread 0x0000000014f6d800 1471   !   2       com.android.dx.cf.attrib.BaseLocalVariables::<init> (42 bytes)
Event: 5.631 Thread 0x0000000014f6d800 nmethod 1471 0x0000000002dc7c10 code [0x0000000002dc7da0, 0x0000000002dc8188]
Event: 5.632 Thread 0x0000000014f6d800 1473       2       com.android.dx.cf.direct.AttributeFactory::parse0 (53 bytes)
Event: 5.633 Thread 0x0000000014f6d800 nmethod 1473 0x0000000002dc8450 code [0x0000000002dc8600, 0x0000000002dc8a88]
Event: 5.633 Thread 0x0000000014f6d800 1474       2       com.android.dx.rop.annotation.NameValuePair::<init> (43 bytes)
Event: 5.633 Thread 0x0000000014f6d800 nmethod 1474 0x0000000002dc8f10 code [0x0000000002dc90a0, 0x0000000002dc9378]
Event: 5.634 Thread 0x0000000014f6d800 1475       2       com.android.dx.rop.cst.CstFieldRef::<init> (7 bytes)
Event: 5.634 Thread 0x0000000014f6d800 nmethod 1475 0x0000000002dc94d0 code [0x0000000002dc9640, 0x0000000002dc97a8]

GC Heap History (2 events):
Event: 3.433 GC heap before
{Heap before GC invocations=1 (full 0):
 PSYoungGen      total 38400K, used 33280K [0x00000000eab00000, 0x00000000ed580000, 0x0000000100000000)
  eden space 33280K, 100% used [0x00000000eab00000,0x00000000ecb80000,0x00000000ecb80000)
  from space 5120K, 0% used [0x00000000ed080000,0x00000000ed080000,0x00000000ed580000)
  to   space 5120K, 0% used [0x00000000ecb80000,0x00000000ecb80000,0x00000000ed080000)
 ParOldGen       total 87552K, used 0K [0x00000000c0000000, 0x00000000c5580000, 0x00000000eab00000)
  object space 87552K, 0% used [0x00000000c0000000,0x00000000c0000000,0x00000000c5580000)
 Metaspace       used 5844K, capacity 6896K, committed 7040K, reserved 1056768K
  class space    used 587K, capacity 616K, committed 640K, reserved 1048576K
Event: 4.332 GC heap after
Heap after GC invocations=1 (full 0):
 PSYoungGen      total 38400K, used 5109K [0x00000000eab00000, 0x00000000ef600000, 0x0000000100000000)
  eden space 33280K, 0% used [0x00000000eab00000,0x00000000eab00000,0x00000000ecb80000)
  from space 5120K, 99% used [0x00000000ecb80000,0x00000000ed07d650,0x00000000ed080000)
  to   space 5120K, 0% used [0x00000000ef100000,0x00000000ef100000,0x00000000ef600000)
 ParOldGen       total 87552K, used 891K [0x00000000c0000000, 0x00000000c5580000, 0x00000000eab00000)
  object space 87552K, 1% used [0x00000000c0000000,0x00000000c00def40,0x00000000c5580000)
 Metaspace       used 5844K, capacity 6896K, committed 7040K, reserved 1056768K
  class space    used 587K, capacity 616K, committed 640K, reserved 1048576K
}

Deoptimization events (10 events):
Event: 2.963 Thread 0x0000000016b01000 Uncommon trap: reason=class_check action=maybe_recompile pc=0x0000000002b80b88 method=com.android.dx.rop.type.Type.equals(Ljava/lang/Object;)Z @ 8
Event: 2.964 Thread 0x0000000016b01000 Uncommon trap: reason=unstable_if action=reinterpret pc=0x0000000002c12138 method=com.android.dx.cf.code.Ropper.labelToResultIndex(I)I @ 34
Event: 2.968 Thread 0x0000000016b01000 Uncommon trap: reason=null_check action=make_not_entrant pc=0x0000000002b3ca74 method=com.android.dx.ssa.SsaRenamer.getLocalForNewReg(I)Lcom/android/dx/rop/code/LocalItem; @ 19
Event: 2.968 Thread 0x0000000016b01000 Uncommon trap: reason=null_check action=make_not_entrant pc=0x0000000002b52cac method=com.android.dx.ssa.SsaRenamer.getLocalForNewReg(I)Lcom/android/dx/rop/code/LocalItem; @ 19
Event: 5.265 Thread 0x0000000016b11000 Uncommon trap: reason=bimorphic action=maybe_recompile pc=0x0000000002d23a9c method=java.util.HashMap.getNode(ILjava/lang/Object;)Ljava/util/HashMap$Node; @ 126
Event: 5.267 Thread 0x0000000016b11000 Uncommon trap: reason=unstable_if action=reinterpret pc=0x0000000002b4d06c method=com.android.dx.rop.code.RegisterSpecSet.put(Lcom/android/dx/rop/code/RegisterSpec;)V @ 77
Event: 5.267 Thread 0x0000000016b11000 Uncommon trap: reason=unstable_if action=reinterpret pc=0x0000000002be97ec method=com.android.dx.rop.code.RegisterSpecSet.put(Lcom/android/dx/rop/code/RegisterSpec;)V @ 77
Event: 5.268 Thread 0x0000000016b11000 Uncommon trap: reason=bimorphic action=maybe_recompile pc=0x0000000002d23a9c method=java.util.HashMap.getNode(ILjava/lang/Object;)Ljava/util/HashMap$Node; @ 126
Event: 5.268 Thread 0x0000000016b11000 Uncommon trap: reason=bimorphic action=maybe_recompile pc=0x0000000002d23a9c method=java.util.HashMap.getNode(ILjava/lang/Object;)Ljava/util/HashMap$Node; @ 126
Event: 5.268 Thread 0x0000000016b11000 Uncommon trap: reason=bimorphic action=maybe_recompile pc=0x0000000002d23a9c method=java.util.HashMap.getNode(ILjava/lang/Object;)Ljava/util/HashMap$Node; @ 126

Internal exceptions (4 events):
Event: 0.102 Thread 0x0000000000e4d800 Exception <a 'java/lang/NoSuchMethodError': Method sun.misc.Unsafe.defineClass(Ljava/lang/String;[BII)Ljava/lang/Class; name or signature does not match> (0x00000000eab07cc0) thrown at [D:\re\workspace\8-2-build-windows-amd64-cygwin\jdk8u92\6642\hotspot\sr%4*˛è∫?
Event: 0.102 Thread 0x0000000000e4d800 Exception <a 'java/lang/NoSuchMethodError': Method sun.misc.Unsafe.prefetchRead(Ljava/lang/Object;J)V name or signature does not match> (0x00000000eab07fa8) thrown at [D:\re\workspace\8-2-build-windows-amd64-cygwin\jdk8u92\6642\hotspot\src\share\vm\prims\jÄr¶◊næ@
Event: 2.968 Thread 0x0000000016b01000 Implicit null exception at 0x0000000002b3b3cf to 0x0000000002b3ca2d
Event: 2.968 Thread 0x0000000016b01000 Implicit null exception at 0x0000000002b51955 to 0x0000000002b52c8d

Events (10 events):
Event: 5.579 loading class com/android/dx/dex/file/ParameterAnnotationStruct
Event: 5.579 loading class com/android/dx/dex/file/ParameterAnnotationStruct done
Event: 5.580 loading class com/android/dx/dex/file/UniformListItem
Event: 5.580 loading class com/android/dx/dex/file/UniformListItem done
Event: 5.581 loading class com/android/dx/dex/file/AnnotationSetRefItem
Event: 5.581 loading class com/android/dx/dex/file/AnnotationSetRefItem done
Event: 5.631 loading class com/android/dx/cf/attrib/AttDeprecated
Event: 5.631 loading class com/android/dx/cf/attrib/AttDeprecated done
Event: 5.632 loading class com/android/dx/cf/attrib/AttRuntimeVisibleAnnotations
Event: 5.632 loading class com/android/dx/cf/attrib/AttRuntimeVisibleAnnotations done


Dynamic libraries:
0x00007ff640c30000 - 0x00007ff640c67000 	C:\Program Files\Java\jdk1.8.0_92\bin\java.exe
0x00007ffa554e0000 - 0x00007ffa556b1000 	C:\WINDOWS\SYSTEM32\ntdll.dll
0x00007ffa52a70000 - 0x00007ffa52b1b000 	C:\WINDOWS\System32\KERNEL32.DLL
0x00007ffa52170000 - 0x00007ffa5238d000 	C:\WINDOWS\System32\KERNELBASE.dll
0x00007ffa52b20000 - 0x00007ffa52bc2000 	C:\WINDOWS\System32\ADVAPI32.dll
0x00007ffa55440000 - 0x00007ffa554de000 	C:\WINDOWS\System32\msvcrt.dll
0x00007ffa53670000 - 0x00007ffa536c9000 	C:\WINDOWS\System32\sechost.dll
0x00007ffa533e0000 - 0x00007ffa53501000 	C:\WINDOWS\System32\RPCRT4.dll
0x00007ffa552d0000 - 0x00007ffa55435000 	C:\WINDOWS\System32\USER32.dll
0x00007ffa52150000 - 0x00007ffa5216e000 	C:\WINDOWS\System32\win32u.dll
0x00007ffa52da0000 - 0x00007ffa52dd4000 	C:\WINDOWS\System32\GDI32.dll
0x00007ffa52660000 - 0x00007ffa527e2000 	C:\WINDOWS\System32\gdi32full.dll
0x00007ffa44c80000 - 0x00007ffa44efa000 	C:\WINDOWS\WinSxS\amd64_microsoft.windows.common-controls_6595b64144ccf1df_6.0.14393.953_none_42151e83c686086b\COMCTL32.dll
0x00007ffa53110000 - 0x00007ffa533d8000 	C:\WINDOWS\System32\combase.dll
0x00007ffa52970000 - 0x00007ffa52a65000 	C:\WINDOWS\System32\ucrtbase.dll
0x00007ffa527f0000 - 0x00007ffa5285a000 	C:\WINDOWS\System32\bcryptPrimitives.dll
0x00007ffa530e0000 - 0x00007ffa5310e000 	C:\WINDOWS\System32\IMM32.DLL
0x0000000075cd0000 - 0x0000000075da2000 	C:\Program Files\Java\jdk1.8.0_92\jre\bin\msvcr100.dll
0x0000000075430000 - 0x0000000075cc6000 	C:\Program Files\Java\jdk1.8.0_92\jre\bin\server\jvm.dll
0x00007ffa53810000 - 0x00007ffa53818000 	C:\WINDOWS\System32\PSAPI.DLL
0x00007ffa3c850000 - 0x00007ffa3c859000 	C:\WINDOWS\SYSTEM32\WSOCK32.dll
0x00007ffa52e00000 - 0x00007ffa52e6a000 	C:\WINDOWS\System32\WS2_32.dll
0x00007ffa4fa90000 - 0x00007ffa4fab3000 	C:\WINDOWS\SYSTEM32\WINMM.dll
0x00007ffa40500000 - 0x00007ffa4050a000 	C:\WINDOWS\SYSTEM32\VERSION.dll
0x00007ffa4f780000 - 0x00007ffa4f7ab000 	C:\WINDOWS\SYSTEM32\WINMMBASE.dll
0x00007ffa52390000 - 0x00007ffa523d2000 	C:\WINDOWS\System32\cfgmgr32.dll
0x0000000077160000 - 0x000000007716f000 	C:\Program Files\Java\jdk1.8.0_92\jre\bin\verify.dll
0x0000000075400000 - 0x0000000075429000 	C:\Program Files\Java\jdk1.8.0_92\jre\bin\java.dll
0x00000000753e0000 - 0x00000000753f6000 	C:\Program Files\Java\jdk1.8.0_92\jre\bin\zip.dll
0x00007ffa53d20000 - 0x00007ffa55228000 	C:\WINDOWS\System32\SHELL32.dll
0x00007ffa519d0000 - 0x00007ffa520aa000 	C:\WINDOWS\System32\windows.storage.dll
0x00007ffa51970000 - 0x00007ffa519bc000 	C:\WINDOWS\System32\powrprof.dll
0x00007ffa52e70000 - 0x00007ffa52ec2000 	C:\WINDOWS\System32\shlwapi.dll
0x00007ffa51940000 - 0x00007ffa5194f000 	C:\WINDOWS\System32\kernel.appcore.dll
0x00007ffa523e0000 - 0x00007ffa52489000 	C:\WINDOWS\System32\shcore.dll
0x00007ffa51950000 - 0x00007ffa51964000 	C:\WINDOWS\System32\profapi.dll

VM Arguments:
jvm_args: -Djava.awt.headless=true -Xmx1024M -Dfile.encoding=windows-1251 -Duser.country=RU -Duser.language=ru -Duser.variant 
java_command: com.android.dx.command.Main --dex --num-threads=4 --output C:\Users\PC\AndroidStudioProjects\master\AndroidStudioProjects\MyLauncher\app\build\intermediates\pre-dexed\debug\classes_e75cae91042d1230babfc5bd30618c24866e445c.jar C:\Users\PC\.android\build-cache\9fb86df5ca29657ae7efe91ae5654b5b189582de\output\jars\classes.jar
java_class_path (initial): C:\Users\PC\AppData\Local\Android\Sdk\build-tools\25.0.2\lib\dx.jar
Launcher Type: SUN_STANDARD

Environment Variables:
JAVA_HOME=C:\Program Files\Java\jdk1.8.0_92
CLASSPATH=C:\Users\PC\AndroidStudioProjects\master\AndroidStudioProjects\MyLauncher\\gradle\wrapper\gradle-wrapper.jar
PATH=C:\ProgramData\Oracle\Java\javapath;C:\Program Files\Broadcom\Broadcom 802.11 Network Adapter;c:\Program Files (x86)\Intel\iCLS Client\;c:\Program Files\Intel\iCLS Client\;C:\WINDOWS\system32;C:\WINDOWS;C:\WINDOWS\System32\Wbem;C:\WINDOWS\System32\WindowsPowerShell\v1.0\;C:\Program Files\Intel\Intel(R) Management Engine Components\DAL;C:\Program Files\Intel\Intel(R) Management Engine Components\IPT;C:\Program Files (x86)\Intel\Intel(R) Management Engine Components\DAL;C:\Program Files (x86)\Intel\Intel(R) Management Engine Components\IPT;c:\Program Files\WIDCOMM\Bluetooth Software\;c:\Program Files\WIDCOMM\Bluetooth Software\syswow64;C:\Program Files\Sony\VAIO Improvement;c:\Program Files (x86)\Sony\VAIO BIOS Data Transfer Utility\;C:\Program Files (x86)\Sony\VAIO Startup Setting Tool;C:\Program Files (x86)\Common Files\Acronis\SnapAPI\;C:\Program Files (x86)\Microsoft SQL Server\100\Tools\Binn\;C:\Program Files\Microsoft SQL Server\100\Tools\Binn\;C:\Program Files\Microsoft SQL Server\100\DTS\Binn\;C:\Progr;C:\Program Files\Git\cmd;C:\Program Files (x86)\Skype\Phone\;C:\Program Files\Java\jdk1.8.0_92\bin;C:\Users\PC\AppData\Local\Microsoft\WindowsApps;C:\Program Files\Java\jdk1.8.0_92\lib;
USERNAME=PC
OS=Windows_NT
PROCESSOR_IDENTIFIER=Intel64 Family 6 Model 69 Stepping 1, GenuineIntel



---------------  S Y S T E M  ---------------

OS: Windows 10.0 , 64 bit Build 14393 (10.0.14393.0)

CPU:total 4 (2 cores per cpu, 2 threads per core) family 6 model 69 stepping 1, cmov, cx8, fxsr, mmx, sse, sse2, sse3, ssse3, sse4.1, sse4.2, popcnt, avx, avx2, aes, clmul, erms, lzcnt, ht, tsc, tscinvbit, bmi1, bmi2

Memory: 4k page, physical 8281908k(1054888k free), swap 13401908k(1548k free)

vm_info: Java HotSpot(TM) 64-Bit Server VM (25.92-b14) for windows-amd64 JRE (1.8.0_92-b14), built on Mar 31 2016 21:03:04 by "java_re" with MS VC++ 10.0 (VS2010)

time: Fri Apr 28 01:07:42 2017
elapsed time: 5 seconds (0d 0h 0m 5s)

